c:\users\whatuptime.com\downloads\caps\vc143.pdb
c:\users\whatuptime.com\downloads\caps\win32.obj
c:\users\whatuptime.com\downloads\caps\unix.obj
c:\users\whatuptime.com\downloads\caps\protocol.obj
c:\users\whatuptime.com\downloads\caps\peer.obj
c:\users\whatuptime.com\downloads\caps\packet.obj
c:\users\whatuptime.com\downloads\caps\list.obj
c:\users\whatuptime.com\downloads\caps\host.obj
c:\users\whatuptime.com\downloads\caps\compress.obj
c:\users\whatuptime.com\downloads\caps\callbacks.obj
c:\users\whatuptime.com\downloads\caps\source.obj
c:\users\lalgtpsvps\downloads\gtps\gtps3.ipdb
c:\users\lalgtpsvps\downloads\gtps\gtps3.iobj
c:\users\whatuptime.com\downloads\gtps\gtps3.ipdb
c:\users\whatuptime.com\downloads\gtps\gtps3.iobj
c:\users\whatuptime.com\downloads\caps\gtps3.ipdb
c:\users\whatuptime.com\downloads\caps\gtps3.iobj
c:\users\administrator\downloads\caps\gtps3.ipdb
c:\users\administrator\downloads\caps\gtps3.iobj
c:\users\azuregth\downloads\caps\gtps3.ipdb
c:\users\azuregth\downloads\caps\gtps3.iobj
c:\users\whatuptime.com\downloads\caps\gtps3.exe
c:\users\whatuptime.com\downloads\caps\gtps3.pdb
c:\users\whatuptime.com\downloads\caps\.\gtps3.pdb
c:\users\whatuptime.com\downloads\caps\.\gtps3.vcxproj.filelistabsolute.txt
c:\users\whatuptime.com\downloads\caps\gtps3.tlog\cl.command.1.tlog
c:\users\whatuptime.com\downloads\caps\gtps3.tlog\cl.read.1.tlog
c:\users\whatuptime.com\downloads\caps\gtps3.tlog\cl.write.1.tlog
c:\users\whatuptime.com\downloads\caps\gtps3.tlog\gtps3.write.1u.tlog
c:\users\whatuptime.com\downloads\caps\gtps3.tlog\link.command.1.tlog
c:\users\whatuptime.com\downloads\caps\gtps3.tlog\link.read.1.tlog
c:\users\whatuptime.com\downloads\caps\gtps3.tlog\link.write.1.tlog
c:\users\whatuptime.com\downloads\caps\gtps3.tlog\link.write.2u.tlog
